<?xml version="1.0" encoding="UTF-8"?>
<!-- Generated by org.testng.reporters.JUnitReportReporter -->
<testsuite skipped="0" hostname="DESKTOP-J5594CO" name="Test.DriverTest" tests="1" failures="0" timestamp="02 May 2022 12:16:24 GMT" time="2.454" errors="0">
  <testcase name="open" time="2.454" classname="Test.DriverTest"/>
</testsuite> <!-- Test.DriverTest -->
