<?xml version="1.0" encoding="UTF-8"?>
<!-- Generated by org.testng.reporters.JUnitReportReporter -->
<testsuite skipped="0" hostname="DESKTOP-J5594CO" name="Test.LoginFunction" tests="1" failures="0" timestamp="01 May 2022 06:03:47 GMT" time="8.407" errors="0">
  <testcase name="LoginZerothaAndEntrePin" time="8.407" classname="Test.LoginFunction"/>
</testsuite> <!-- Test.LoginFunction -->
